<?xml version="1.0" encoding="UTF-8"?>
<testng-results skipped="0" failed="0" ignored="0" total="1" passed="1">
  <reporter-output>
  </reporter-output>
  <suite name="Default suite" duration-ms="129" started-at="2018-05-04T22:37:49Z" finished-at="2018-05-04T22:37:49Z">
    <groups>
    </groups>
    <test name="Default test" duration-ms="129" started-at="2018-05-04T22:37:49Z" finished-at="2018-05-04T22:37:49Z">
      <class name="P2P_Testings.MulticastTest">
        <test-method status="PASS" signature="start()[pri:0, instance:P2P_Testings.MulticastTest@62ee68d8]" name="start" is-config="true" duration-ms="25" started-at="2018-05-04T22:37:49Z" finished-at="2018-05-04T22:37:49Z">
          <reporter-output>
          </reporter-output>
        </test-method> <!-- start -->
        <test-method status="PASS" signature="multicast()[pri:0, instance:P2P_Testings.MulticastTest@62ee68d8]" name="multicast" duration-ms="37" started-at="2018-05-04T22:37:49Z" finished-at="2018-05-04T22:37:49Z">
          <reporter-output>
          </reporter-output>
        </test-method> <!-- multicast -->
      </class> <!-- P2P_Testings.MulticastTest -->
    </test> <!-- Default test -->
  </suite> <!-- Default suite -->
</testng-results>
